This file contains any messages produced by compilers while
running configure, to aid debugging if configure makes a mistake.

It was created by FastJet configure 3.0.2, which was
generated by GNU Autoconf 2.63.  Invocation command line was

  $ ./configure CXXFLAGS=-O2 -pipe -Wall -W -Woverloaded-virtual -pthread -stdlib=libc++ -std=c++11 -m64 -I/Users/Alex/Desktop/HEP/ROOT6/include -Qunused-arguments -DJETEDM_STANDALONE  LDFLAGS=-O2 -mmacosx-version-min=10.10 -m64 FC=gfortran FCFLAGS=-O2 -fPIC --enable-shared --disable-static --enable-monolithic --prefix=/Users/Alex/Desktop/ProofAna/utils/fastjet/install-dir --enable-siscone=no --enable-cdfcones=no --enable-nesteddefs=no --enable-nesteddefs=no --enable-jade=no --enable-eecambridge=no

## --------- ##
## Platform. ##
## --------- ##

hostname = Christians-MacBook-Pro.local
uname -m = x86_64
uname -r = 14.0.0
uname -s = Darwin
uname -v = Darwin Kernel Version 14.0.0: Fri Sep 19 00:26:44 PDT 2014; root:xnu-2782.1.97~2/RELEASE_X86_64

/usr/bin/uname -p = i386
/bin/uname -X     = unknown

/bin/arch              = unknown
/usr/bin/arch -k       = unknown
/usr/convex/getsysinfo = unknown
/usr/bin/hostinfo      = Mach kernel version:
	 Darwin Kernel Version 14.0.0: Fri Sep 19 00:26:44 PDT 2014; root:xnu-2782.1.97~2/RELEASE_X86_64
Kernel configured for up to 8 processors.
4 processors are physically available.
8 processors are logically available.
Processor type: x86_64h (Intel x86-64h Haswell)
Processors active: 0 1 2 3 4 5 6 7
Primary memory available: 16.00 gigabytes
Default processor set: 221 tasks, 893 threads, 8 processors
Load average: 2.45, Mach factor: 5.54
/bin/machine           = unknown
/usr/bin/oslevel       = unknown
/bin/universe          = unknown

PATH: /Users/Alex/Desktop/ProofAna/utils/fastjet
PATH: /Users/Alex/Desktop/HEP/ROOT6/bin
PATH: /usr/local/bin
PATH: /usr/local/sbin
PATH: /usr/local/bin
PATH: /usr/bin
PATH: /bin
PATH: /usr/sbin
PATH: /sbin
PATH: /opt/X11/bin
PATH: /usr/texbin


## ----------- ##
## Core tests. ##
## ----------- ##

configure:2057: checking for a BSD-compatible install
configure:2125: result: /usr/bin/install -c
configure:2136: checking whether build environment is sane
configure:2196: result: yes
configure:2337: checking for a thread-safe mkdir -p
configure:2376: result: ./install-sh -c -d
configure:2389: checking for gawk
configure:2419: result: no
configure:2389: checking for mawk
configure:2419: result: no
configure:2389: checking for nawk
configure:2419: result: no
configure:2389: checking for awk
configure:2405: found /usr/bin/awk
configure:2416: result: awk
configure:2427: checking whether make sets $(MAKE)
configure:2449: result: yes
configure:2526: checking how to create a ustar tar archive
configure:2539: tar --version
bsdtar 2.8.3 - libarchive 2.8.3
configure:2542: $? = 0
configure:2582: tardir=conftest.dir && eval tar --format=ustar -chf - "$tardir" >conftest.tar
configure:2585: $? = 0
configure:2589: tar -xf - <conftest.tar
configure:2592: $? = 0
configure:2605: result: gnutar
configure:2639: checking for style of include used by make
configure:2667: result: GNU
configure:2737: checking for gcc
configure:2753: found /usr/bin/gcc
configure:2764: result: gcc
configure:2996: checking for C compiler version
configure:3004: gcc --version >&5
Configured with: --prefix=/Library/Developer/CommandLineTools/usr --with-gxx-include-dir=/usr/include/c++/4.2.1
Apple LLVM version 6.0 (clang-600.0.56) (based on LLVM 3.5svn)
Target: x86_64-apple-darwin14.0.0
Thread model: posix
configure:3008: $? = 0
configure:3015: gcc -v >&5
Configured with: --prefix=/Library/Developer/CommandLineTools/usr --with-gxx-include-dir=/usr/include/c++/4.2.1
Apple LLVM version 6.0 (clang-600.0.56) (based on LLVM 3.5svn)
Target: x86_64-apple-darwin14.0.0
Thread model: posix
configure:3019: $? = 0
configure:3026: gcc -V >&5
clang: error: argument to '-V' is missing (expected 1 value)
clang: error: no input files
configure:3030: $? = 1
configure:3053: checking for C compiler default output file name
configure:3075: gcc   -O2 -mmacosx-version-min=10.10 -m64 conftest.c  >&5
configure:3079: $? = 0
configure:3117: result: a.out
configure:3136: checking whether the C compiler works
configure:3146: ./a.out
configure:3150: $? = 0
configure:3169: result: yes
configure:3176: checking whether we are cross compiling
configure:3178: result: no
configure:3181: checking for suffix of executables
configure:3188: gcc -o conftest   -O2 -mmacosx-version-min=10.10 -m64 conftest.c  >&5
configure:3192: $? = 0
configure:3218: result: 
configure:3224: checking for suffix of object files
configure:3250: gcc -c   conftest.c >&5
configure:3254: $? = 0
configure:3279: result: o
configure:3283: checking whether we are using the GNU C compiler
configure:3312: gcc -c   conftest.c >&5
configure:3319: $? = 0
configure:3336: result: yes
configure:3345: checking whether gcc accepts -g
configure:3375: gcc -c -g  conftest.c >&5
configure:3382: $? = 0
configure:3483: result: yes
configure:3500: checking for gcc option to accept ISO C89
configure:3574: gcc  -c -g -O2  conftest.c >&5
configure:3581: $? = 0
configure:3604: result: none needed
configure:3624: checking dependency style of gcc
configure:3734: result: gcc3
configure:3755: checking how to run the C preprocessor
configure:3795: gcc -E  conftest.c
configure:3802: $? = 0
configure:3833: gcc -E  conftest.c
conftest.c:10:10: fatal error: 'ac_nonexistent.h' file not found
#include <ac_nonexistent.h>
         ^
1 error generated.
configure:3840: $? = 1
configure: failed program was:
| /* confdefs.h.  */
| #define PACKAGE_NAME "FastJet"
| #define PACKAGE_TARNAME "fastjet"
| #define PACKAGE_VERSION "3.0.2"
| #define PACKAGE_STRING "FastJet 3.0.2"
| #define PACKAGE_BUGREPORT ""
| #define PACKAGE "fastjet"
| #define VERSION "3.0.2"
| /* end confdefs.h.  */
| #include <ac_nonexistent.h>
configure:3873: result: gcc -E
configure:3902: gcc -E  conftest.c
configure:3909: $? = 0
configure:3940: gcc -E  conftest.c
conftest.c:10:10: fatal error: 'ac_nonexistent.h' file not found
#include <ac_nonexistent.h>
         ^
1 error generated.
configure:3947: $? = 1
configure: failed program was:
| /* confdefs.h.  */
| #define PACKAGE_NAME "FastJet"
| #define PACKAGE_TARNAME "fastjet"
| #define PACKAGE_VERSION "3.0.2"
| #define PACKAGE_STRING "FastJet 3.0.2"
| #define PACKAGE_BUGREPORT ""
| #define PACKAGE "fastjet"
| #define VERSION "3.0.2"
| /* end confdefs.h.  */
| #include <ac_nonexistent.h>
configure:3987: checking for grep that handles long lines and -e
configure:4047: result: /usr/bin/grep
configure:4052: checking for egrep
configure:4116: result: /usr/bin/grep -E
configure:4121: checking for ANSI C header files
configure:4151: gcc -c -g -O2  conftest.c >&5
configure:4158: $? = 0
configure:4257: gcc -o conftest -g -O2  -O2 -mmacosx-version-min=10.10 -m64 conftest.c  >&5
configure:4261: $? = 0
configure:4267: ./conftest
configure:4271: $? = 0
configure:4289: result: yes
configure:4313: checking for sys/types.h
configure:4334: gcc -c -g -O2  conftest.c >&5
configure:4341: $? = 0
configure:4358: result: yes
configure:4313: checking for sys/stat.h
configure:4334: gcc -c -g -O2  conftest.c >&5
configure:4341: $? = 0
configure:4358: result: yes
configure:4313: checking for stdlib.h
configure:4334: gcc -c -g -O2  conftest.c >&5
configure:4341: $? = 0
configure:4358: result: yes
configure:4313: checking for string.h
configure:4334: gcc -c -g -O2  conftest.c >&5
configure:4341: $? = 0
configure:4358: result: yes
configure:4313: checking for memory.h
configure:4334: gcc -c -g -O2  conftest.c >&5
configure:4341: $? = 0
configure:4358: result: yes
configure:4313: checking for strings.h
configure:4334: gcc -c -g -O2  conftest.c >&5
configure:4341: $? = 0
configure:4358: result: yes
configure:4313: checking for inttypes.h
configure:4334: gcc -c -g -O2  conftest.c >&5
configure:4341: $? = 0
configure:4358: result: yes
configure:4313: checking for stdint.h
configure:4334: gcc -c -g -O2  conftest.c >&5
configure:4341: $? = 0
configure:4358: result: yes
configure:4313: checking for unistd.h
configure:4334: gcc -c -g -O2  conftest.c >&5
configure:4341: $? = 0
configure:4358: result: yes
configure:4372: checking for int
configure:4400: gcc -c -g -O2  conftest.c >&5
configure:4407: $? = 0
configure:4434: gcc -c -g -O2  conftest.c >&5
conftest.c:56:18: error: expected expression
if (sizeof ((int)))
                 ^
1 error generated.
configure:4441: $? = 1
configure: failed program was:
| /* confdefs.h.  */
| #define PACKAGE_NAME "FastJet"
| #define PACKAGE_TARNAME "fastjet"
| #define PACKAGE_VERSION "3.0.2"
| #define PACKAGE_STRING "FastJet 3.0.2"
| #define PACKAGE_BUGREPORT ""
| #define PACKAGE "fastjet"
| #define VERSION "3.0.2"
| #define STDC_HEADERS 1
| #define HAVE_SYS_TYPES_H 1
| #define HAVE_SYS_STAT_H 1
| #define HAVE_STDLIB_H 1
| #define HAVE_STRING_H 1
| #define HAVE_MEMORY_H 1
| #define HAVE_STRINGS_H 1
| #define HAVE_INTTYPES_H 1
| #define HAVE_STDINT_H 1
| #define HAVE_UNISTD_H 1
| /* end confdefs.h.  */
| #include <stdio.h>
| #ifdef HAVE_SYS_TYPES_H
| # include <sys/types.h>
| #endif
| #ifdef HAVE_SYS_STAT_H
| # include <sys/stat.h>
| #endif
| #ifdef STDC_HEADERS
| # include <stdlib.h>
| # include <stddef.h>
| #else
| # ifdef HAVE_STDLIB_H
| #  include <stdlib.h>
| # endif
| #endif
| #ifdef HAVE_STRING_H
| # if !defined STDC_HEADERS && defined HAVE_MEMORY_H
| #  include <memory.h>
| # endif
| # include <string.h>
| #endif
| #ifdef HAVE_STRINGS_H
| # include <strings.h>
| #endif
| #ifdef HAVE_INTTYPES_H
| # include <inttypes.h>
| #endif
| #ifdef HAVE_STDINT_H
| # include <stdint.h>
| #endif
| #ifdef HAVE_UNISTD_H
| # include <unistd.h>
| #endif
| int
| main ()
| {
| if (sizeof ((int)))
| 	  return 0;
|   ;
|   return 0;
| }
configure:4464: result: yes
configure:4467: checking for long
configure:4495: gcc -c -g -O2  conftest.c >&5
configure:4502: $? = 0
configure:4529: gcc -c -g -O2  conftest.c >&5
conftest.c:56:19: error: expected expression
if (sizeof ((long)))
                  ^
1 error generated.
configure:4536: $? = 1
configure: failed program was:
| /* confdefs.h.  */
| #define PACKAGE_NAME "FastJet"
| #define PACKAGE_TARNAME "fastjet"
| #define PACKAGE_VERSION "3.0.2"
| #define PACKAGE_STRING "FastJet 3.0.2"
| #define PACKAGE_BUGREPORT ""
| #define PACKAGE "fastjet"
| #define VERSION "3.0.2"
| #define STDC_HEADERS 1
| #define HAVE_SYS_TYPES_H 1
| #define HAVE_SYS_STAT_H 1
| #define HAVE_STDLIB_H 1
| #define HAVE_STRING_H 1
| #define HAVE_MEMORY_H 1
| #define HAVE_STRINGS_H 1
| #define HAVE_INTTYPES_H 1
| #define HAVE_STDINT_H 1
| #define HAVE_UNISTD_H 1
| /* end confdefs.h.  */
| #include <stdio.h>
| #ifdef HAVE_SYS_TYPES_H
| # include <sys/types.h>
| #endif
| #ifdef HAVE_SYS_STAT_H
| # include <sys/stat.h>
| #endif
| #ifdef STDC_HEADERS
| # include <stdlib.h>
| # include <stddef.h>
| #else
| # ifdef HAVE_STDLIB_H
| #  include <stdlib.h>
| # endif
| #endif
| #ifdef HAVE_STRING_H
| # if !defined STDC_HEADERS && defined HAVE_MEMORY_H
| #  include <memory.h>
| # endif
| # include <string.h>
| #endif
| #ifdef HAVE_STRINGS_H
| # include <strings.h>
| #endif
| #ifdef HAVE_INTTYPES_H
| # include <inttypes.h>
| #endif
| #ifdef HAVE_STDINT_H
| # include <stdint.h>
| #endif
| #ifdef HAVE_UNISTD_H
| # include <unistd.h>
| #endif
| int
| main ()
| {
| if (sizeof ((long)))
| 	  return 0;
|   ;
|   return 0;
| }
configure:4559: result: yes
configure:4629: checking for g++
configure:4645: found /usr/bin/g++
configure:4656: result: g++
configure:4683: checking for C++ compiler version
configure:4691: g++ --version >&5
Configured with: --prefix=/Library/Developer/CommandLineTools/usr --with-gxx-include-dir=/usr/include/c++/4.2.1
Apple LLVM version 6.0 (clang-600.0.56) (based on LLVM 3.5svn)
Target: x86_64-apple-darwin14.0.0
Thread model: posix
configure:4695: $? = 0
configure:4702: g++ -v >&5
Configured with: --prefix=/Library/Developer/CommandLineTools/usr --with-gxx-include-dir=/usr/include/c++/4.2.1
Apple LLVM version 6.0 (clang-600.0.56) (based on LLVM 3.5svn)
Target: x86_64-apple-darwin14.0.0
Thread model: posix
configure:4706: $? = 0
configure:4713: g++ -V >&5
clang: error: argument to '-V' is missing (expected 1 value)
clang: error: no input files
configure:4717: $? = 1
configure:4720: checking whether we are using the GNU C++ compiler
configure:4749: g++ -c -O2 -pipe -Wall -W -Woverloaded-virtual -pthread -stdlib=libc++ -std=c++11 -m64 -I/Users/Alex/Desktop/HEP/ROOT6/include -Qunused-arguments -DJETEDM_STANDALONE   conftest.cpp >&5
configure:4756: $? = 0
configure:4773: result: yes
configure:4782: checking whether g++ accepts -g
configure:4812: g++ -c -g  conftest.cpp >&5
configure:4819: $? = 0
configure:4920: result: yes
configure:4945: checking dependency style of g++
configure:5055: result: gcc3
configure:5075: checking for g++
configure:5091: found /usr/bin/g++
configure:5103: result: yes
configure:5131: checking for a BSD-compatible install
configure:5199: result: /usr/bin/install -c
configure:5210: checking whether ln -s works
configure:5214: result: yes
configure:5221: checking for a sed that does not truncate output
configure:5287: result: /usr/bin/sed
configure:5292: checking whether make sets $(MAKE)
configure:5314: result: yes
configure:5326: checking for ANSI C header files
configure:5494: result: yes
configure:5523: checking if g++ supports -Woverloaded-virtual flag
configure:5548: g++ -c -Woverloaded-virtual  conftest.cpp >&5
configure:5555: $? = 0
configure:5576: result: yes
configure:5643: checking execinfo.h usability
configure:5660: gcc -c -g -O2  conftest.c >&5
configure:5667: $? = 0
configure:5681: result: yes
configure:5685: checking execinfo.h presence
configure:5700: gcc -E  conftest.c
configure:5707: $? = 0
configure:5721: result: yes
configure:5749: checking for execinfo.h
configure:5758: result: yes
configure:5775: checking for cos in -lm
configure:5810: gcc -o conftest -g -O2  -O2 -mmacosx-version-min=10.10 -m64 conftest.c -lm   >&5
conftest.c:29:6: warning: incompatible redeclaration of library function 'cos' [-Wincompatible-library-redeclaration]
char cos ();
     ^
conftest.c:29:6: note: 'cos' is a builtin with type 'double (double)'
1 warning generated.
configure:5817: $? = 0
configure:5838: result: yes
configure:6557: checking if g++ supports -Wl,--enable-new-dtags flag
configure:6581: g++ -o conftest -Werror -Wl,--enable-new-dtags  -O2 -mmacosx-version-min=10.10 -m64 conftest.cpp -lm  >&5
ld: unknown option: --enable-new-dtags
clang: error: linker command failed with exit code 1 (use -v to see invocation)
configure:6588: $? = 1
configure: failed program was:
| /* confdefs.h.  */
| #define PACKAGE_NAME "FastJet"
| #define PACKAGE_TARNAME "fastjet"
| #define PACKAGE_VERSION "3.0.2"
| #define PACKAGE_STRING "FastJet 3.0.2"
| #define PACKAGE_BUGREPORT ""
| #define PACKAGE "fastjet"
| #define VERSION "3.0.2"
| #define STDC_HEADERS 1
| #define HAVE_SYS_TYPES_H 1
| #define HAVE_SYS_STAT_H 1
| #define HAVE_STDLIB_H 1
| #define HAVE_STRING_H 1
| #define HAVE_MEMORY_H 1
| #define HAVE_STRINGS_H 1
| #define HAVE_INTTYPES_H 1
| #define HAVE_STDINT_H 1
| #define HAVE_UNISTD_H 1
| #define STDC_HEADERS 1
| #define HAVE_EXECINFO_H 1
| #define HAVE_LIBM 1
| /* end confdefs.h.  */
| int main(void){ return 0;}
configure:6614: result: no
configure:6678: checking whether to build all plugins
configure:6717: result: not set
configure:6721: checking whether to build all CXX plugins
configure:6756: result: not set
configure:6789: checking whether to build plugin SISCone
configure:6829: result: no
configure:6838: checking whether to build plugin FlavKt
configure:6877: result: no
configure:6882: checking whether to build plugin CDFCones
configure:6921: result: no
configure:6928: checking whether to build plugin D0RunIICone
configure:6967: result: no
configure:6972: checking whether to build plugin PxCone
configure:7011: result: no
configure:7016: checking whether to build plugin NestedDefs
configure:7055: result: no
configure:7060: checking whether to build plugin TrackJet
configure:7099: result: no
configure:7104: checking whether to build plugin ATLASCone
configure:7143: result: no
configure:7148: checking whether to build plugin CMSIterativeCone
configure:7187: result: no
configure:7192: checking whether to build plugin EECambridge
configure:7231: result: no
configure:7236: checking whether to build plugin Jade
configure:7275: result: no
configure:7280: checking whether to build plugin D0RunICone
configure:7319: result: no
configure:7324: checking whether to build plugin GridJet
configure:7363: result: yes
configure:7399: checking build system type
configure:7417: result: x86_64-apple-darwin14.0.0
configure:7439: checking host system type
configure:7454: result: x86_64-apple-darwin14.0.0
configure:7497: checking how to print strings
configure:7524: result: printf
configure:7545: checking for a sed that does not truncate output
configure:7611: result: /usr/bin/sed
configure:7629: checking for fgrep
configure:7693: result: /usr/bin/grep -F
configure:7728: checking for ld used by gcc
configure:7795: result: /Library/Developer/CommandLineTools/usr/bin/ld
configure:7804: checking if the linker (/Library/Developer/CommandLineTools/usr/bin/ld) is GNU ld
configure:7819: result: no
configure:7831: checking for BSD- or MS-compatible name lister (nm)
configure:7880: result: /usr/bin/nm
configure:8010: checking the name lister (/usr/bin/nm) interface
configure:8017: gcc -c -g -O2  conftest.c >&5
configure:8020: /usr/bin/nm "conftest.o"
configure:8023: output
0000000000000228 S _some_variable
configure:8030: result: BSD nm
configure:8034: checking the maximum length of command line arguments
configure:8159: result: 196608
configure:8176: checking whether the shell understands some XSI constructs
configure:8186: result: yes
configure:8190: checking whether the shell understands "+="
configure:8196: result: yes
configure:8231: checking how to convert x86_64-apple-darwin14.0.0 file names to x86_64-apple-darwin14.0.0 format
configure:8271: result: func_convert_file_noop
configure:8278: checking how to convert x86_64-apple-darwin14.0.0 file names to toolchain format
configure:8298: result: func_convert_file_noop
configure:8305: checking for /Library/Developer/CommandLineTools/usr/bin/ld option to reload object files
configure:8312: result: -r
configure:8386: checking for objdump
configure:8416: result: no
configure:8445: checking how to recognize dependent libraries
configure:8647: result: pass_all
configure:8732: checking for dlltool
configure:8762: result: no
configure:8792: checking how to associate runtime and link libraries
configure:8819: result: printf %s\n
configure:8879: checking for ar
configure:8895: found /usr/bin/ar
configure:8906: result: ar
configure:8943: checking for archiver @FILE support
configure:8970: gcc -c -g -O2  conftest.c >&5
configure:8977: $? = 0
configure:8984: ar cru libconftest.a @conftest.lst >&5
ar: @conftest.lst: No such file or directory
configure:8987: $? = 1
configure:9013: result: no
configure:9071: checking for strip
configure:9087: found /usr/bin/strip
configure:9098: result: strip
configure:9170: checking for ranlib
configure:9186: found /usr/bin/ranlib
configure:9197: result: ranlib
configure:9299: checking command to parse /usr/bin/nm output from gcc object
configure:9418: gcc -c -g -O2  conftest.c >&5
configure:9421: $? = 0
configure:9425: /usr/bin/nm conftest.o \| sed -n -e 's/^.*[ ]\([BCDEGRST][BCDEGRST]*\)[ ][ ]*\([_A-Za-z][_A-Za-z0-9]*\)$/\1 \2 \2/p' | sed '/ __gnu_lto/d' \> conftest.nm
configure:9428: $? = 0
cannot find nm_test_var in conftest.nm
configure:9418: gcc -c -g -O2  conftest.c >&5
configure:9421: $? = 0
configure:9425: /usr/bin/nm conftest.o \| sed -n -e 's/^.*[ ]\([BCDEGRST][BCDEGRST]*\)[ ][ ]*_\([_A-Za-z][_A-Za-z0-9]*\)$/\1 _\2 \2/p' | sed '/ __gnu_lto/d' \> conftest.nm
configure:9428: $? = 0
configure:9494: gcc -o conftest -g -O2  -O2 -mmacosx-version-min=10.10 -m64 conftest.c conftstm.o >&5
configure:9497: $? = 0
configure:9535: result: ok
configure:9572: checking for sysroot
configure:9604: result: no
configure:9876: checking for mt
configure:9906: result: no
configure:9926: checking if : is a manifest tool
configure:9932: : '-?'
configure:9940: result: no
configure:9996: checking for dsymutil
configure:10012: found /usr/bin/dsymutil
configure:10023: result: dsymutil
configure:10088: checking for nmedit
configure:10104: found /usr/bin/nmedit
configure:10115: result: nmedit
configure:10180: checking for lipo
configure:10196: found /usr/bin/lipo
configure:10207: result: lipo
configure:10272: checking for otool
configure:10288: found /usr/bin/otool
configure:10299: result: otool
configure:10364: checking for otool64
configure:10394: result: no
configure:10439: checking for -single_module linker flag
gcc -g -O2 -O2 -mmacosx-version-min=10.10 -m64 -o libconftest.dylib -dynamiclib -Wl,-single_module conftest.c
configure:10466: result: yes
configure:10468: checking for -exported_symbols_list linker flag
configure:10498: gcc -o conftest -g -O2  -O2 -mmacosx-version-min=10.10 -m64 -Wl,-exported_symbols_list,conftest.sym conftest.c -lm  >&5
configure:10505: $? = 0
configure:10527: result: yes
configure:10529: checking for -force_load linker flag
gcc -g -O2 -c -o conftest.o conftest.c
ar cru libconftest.a conftest.o
ranlib libconftest.a
gcc -g -O2 -O2 -mmacosx-version-min=10.10 -m64 -o conftest conftest.c -Wl,-force_load,./libconftest.a
configure:10559: result: yes
configure:10600: checking for dlfcn.h
configure:10621: gcc -c -g -O2  conftest.c >&5
configure:10628: $? = 0
configure:10645: result: yes
configure:10814: checking for objdir
configure:10829: result: .libs
configure:11100: checking if gcc supports -fno-rtti -fno-exceptions
configure:11118: gcc -c -g -O2  -fno-rtti -fno-exceptions conftest.c >&5
configure:11122: $? = 0
configure:11135: result: yes
configure:11445: checking for gcc option to produce PIC
configure:11452: result: -fno-common -DPIC
configure:11460: checking if gcc PIC flag -fno-common -DPIC works
configure:11478: gcc -c -g -O2  -fno-common -DPIC -DPIC conftest.c >&5
configure:11482: $? = 0
configure:11495: result: yes
configure:11524: checking if gcc static flag -static works
configure:11552: result: no
configure:11567: checking if gcc supports -c -o file.o
configure:11588: gcc -c -g -O2  -o out/conftest2.o conftest.c >&5
configure:11592: $? = 0
configure:11614: result: yes
configure:11622: checking if gcc supports -c -o file.o
configure:11669: result: yes
configure:11702: checking whether the gcc linker (/Library/Developer/CommandLineTools/usr/bin/ld) supports shared libraries
configure:12951: result: yes
configure:13196: checking dynamic linker characteristics
configure:13968: result: darwin14.0.0 dyld
configure:14075: checking how to hardcode library paths into programs
configure:14100: result: immediate
configure:14953: checking whether stripping libraries is possible
configure:14967: result: yes
configure:14993: checking if libtool supports shared libraries
configure:14995: result: yes
configure:14998: checking whether to build shared libraries
configure:15019: result: yes
configure:15022: checking whether to build static libraries
configure:15026: result: no
configure:15049: checking how to run the C++ preprocessor
configure:15085: g++ -E  conftest.cpp
configure:15092: $? = 0
configure:15123: g++ -E  conftest.cpp
conftest.cpp:26:10: fatal error: 'ac_nonexistent.h' file not found
#include <ac_nonexistent.h>
         ^
1 error generated.
configure:15130: $? = 1
configure: failed program was:
| /* confdefs.h.  */
| #define PACKAGE_NAME "FastJet"
| #define PACKAGE_TARNAME "fastjet"
| #define PACKAGE_VERSION "3.0.2"
| #define PACKAGE_STRING "FastJet 3.0.2"
| #define PACKAGE_BUGREPORT ""
| #define PACKAGE "fastjet"
| #define VERSION "3.0.2"
| #define STDC_HEADERS 1
| #define HAVE_SYS_TYPES_H 1
| #define HAVE_SYS_STAT_H 1
| #define HAVE_STDLIB_H 1
| #define HAVE_STRING_H 1
| #define HAVE_MEMORY_H 1
| #define HAVE_STRINGS_H 1
| #define HAVE_INTTYPES_H 1
| #define HAVE_STDINT_H 1
| #define HAVE_UNISTD_H 1
| #define STDC_HEADERS 1
| #define HAVE_EXECINFO_H 1
| #define HAVE_LIBM 1
| #define ENABLE_PLUGIN_GRIDJET /**/
| #define HAVE_DLFCN_H 1
| #define LT_OBJDIR ".libs/"
| /* end confdefs.h.  */
| #include <ac_nonexistent.h>
configure:15163: result: g++ -E
configure:15192: g++ -E  conftest.cpp
configure:15199: $? = 0
configure:15230: g++ -E  conftest.cpp
conftest.cpp:26:10: fatal error: 'ac_nonexistent.h' file not found
#include <ac_nonexistent.h>
         ^
1 error generated.
configure:15237: $? = 1
configure: failed program was:
| /* confdefs.h.  */
| #define PACKAGE_NAME "FastJet"
| #define PACKAGE_TARNAME "fastjet"
| #define PACKAGE_VERSION "3.0.2"
| #define PACKAGE_STRING "FastJet 3.0.2"
| #define PACKAGE_BUGREPORT ""
| #define PACKAGE "fastjet"
| #define VERSION "3.0.2"
| #define STDC_HEADERS 1
| #define HAVE_SYS_TYPES_H 1
| #define HAVE_SYS_STAT_H 1
| #define HAVE_STDLIB_H 1
| #define HAVE_STRING_H 1
| #define HAVE_MEMORY_H 1
| #define HAVE_STRINGS_H 1
| #define HAVE_INTTYPES_H 1
| #define HAVE_STDINT_H 1
| #define HAVE_UNISTD_H 1
| #define STDC_HEADERS 1
| #define HAVE_EXECINFO_H 1
| #define HAVE_LIBM 1
| #define ENABLE_PLUGIN_GRIDJET /**/
| #define HAVE_DLFCN_H 1
| #define LT_OBJDIR ".libs/"
| /* end confdefs.h.  */
| #include <ac_nonexistent.h>
configure:15418: checking for ld used by g++
configure:15485: result: /Library/Developer/CommandLineTools/usr/bin/ld
configure:15494: checking if the linker (/Library/Developer/CommandLineTools/usr/bin/ld) is GNU ld
configure:15509: result: no
configure:15564: checking whether the g++ linker (/Library/Developer/CommandLineTools/usr/bin/ld) supports shared libraries
configure:16630: result: yes
configure:16665: g++ -c -O2 -pipe -Wall -W -Woverloaded-virtual -pthread -stdlib=libc++ -std=c++11 -m64 -I/Users/Alex/Desktop/HEP/ROOT6/include -Qunused-arguments -DJETEDM_STANDALONE   conftest.cpp >&5
configure:16668: $? = 0
configure:17188: checking for g++ option to produce PIC
configure:17195: result: -fno-common -DPIC
configure:17203: checking if g++ PIC flag -fno-common -DPIC works
configure:17221: g++ -c -O2 -pipe -Wall -W -Woverloaded-virtual -pthread -stdlib=libc++ -std=c++11 -m64 -I/Users/Alex/Desktop/HEP/ROOT6/include -Qunused-arguments -DJETEDM_STANDALONE   -fno-common -DPIC -DPIC conftest.cpp >&5
configure:17225: $? = 0
configure:17238: result: yes
configure:17261: checking if g++ static flag -static works
configure:17289: result: no
configure:17301: checking if g++ supports -c -o file.o
configure:17322: g++ -c -O2 -pipe -Wall -W -Woverloaded-virtual -pthread -stdlib=libc++ -std=c++11 -m64 -I/Users/Alex/Desktop/HEP/ROOT6/include -Qunused-arguments -DJETEDM_STANDALONE   -o out/conftest2.o conftest.cpp >&5
configure:17326: $? = 0
configure:17348: result: yes
configure:17353: checking if g++ supports -c -o file.o
configure:17400: result: yes
configure:17430: checking whether the g++ linker (/Library/Developer/CommandLineTools/usr/bin/ld) supports shared libraries
configure:17464: result: yes
configure:17607: checking dynamic linker characteristics
configure:18313: result: darwin14.0.0 dyld
configure:18366: checking how to hardcode library paths into programs
configure:18391: result: immediate
configure:22415: creating ./config.status

## ---------------------- ##
## Running config.status. ##
## ---------------------- ##

This file was extended by FastJet config.status 3.0.2, which was
generated by GNU Autoconf 2.63.  Invocation command line was

  CONFIG_FILES    = 
  CONFIG_HEADERS  = 
  CONFIG_LINKS    = 
  CONFIG_COMMANDS = 
  $ ./config.status 

on Christians-MacBook-Pro.local

config.status:1219: creating plugins/Makefile
config.status:1219: creating plugins/SISCone/Makefile
config.status:1219: creating plugins/SISCone/fastjet/Makefile
config.status:1219: creating plugins/FlavKt/Makefile
config.status:1219: creating plugins/FlavKt/fastjet/Makefile
config.status:1219: creating plugins/CDFCones/Makefile
config.status:1219: creating plugins/CDFCones/fastjet/Makefile
config.status:1219: creating plugins/CDFCones/CDFcode/Makefile
config.status:1219: creating plugins/D0RunIICone/Makefile
config.status:1219: creating plugins/D0RunIICone/fastjet/Makefile
config.status:1219: creating plugins/PxCone/Makefile
config.status:1219: creating plugins/PxCone/fastjet/Makefile
config.status:1219: creating plugins/NestedDefs/Makefile
config.status:1219: creating plugins/NestedDefs/fastjet/Makefile
config.status:1219: creating plugins/TrackJet/Makefile
config.status:1219: creating plugins/TrackJet/fastjet/Makefile
config.status:1219: creating plugins/ATLASCone/Makefile
config.status:1219: creating plugins/ATLASCone/fastjet/Makefile
config.status:1219: creating plugins/CMSIterativeCone/Makefile
config.status:1219: creating plugins/CMSIterativeCone/fastjet/Makefile
config.status:1219: creating plugins/EECambridge/Makefile
config.status:1219: creating plugins/EECambridge/fastjet/Makefile
config.status:1219: creating plugins/Jade/Makefile
config.status:1219: creating plugins/Jade/fastjet/Makefile
config.status:1219: creating plugins/D0RunICone/Makefile
config.status:1219: creating plugins/D0RunICone/fastjet/Makefile
config.status:1219: creating plugins/GridJet/Makefile
config.status:1219: creating plugins/GridJet/fastjet/Makefile
config.status:1219: creating tools/Makefile
config.status:1219: creating tools/fastjet/Makefile
config.status:1219: creating tools/fastjet/tools/Makefile
config.status:1219: creating example/Makefile
config.status:1219: creating example/data/Makefile
config.status:1219: creating example/root/Makefile
config.status:1219: creating doc/Makefile
config.status:1219: creating fastjet-config
config.status:1219: creating fortran_wrapper/Makefile
config.status:1219: creating Makefile
config.status:1219: creating src/Makefile
config.status:1219: creating include/Makefile
config.status:1219: creating include/fastjet/Makefile
config.status:1219: creating include/fastjet/internal/Makefile
config.status:1219: creating include/fastjet/config_raw.h
config.status:1441: include/fastjet/config_raw.h is unchanged
config.status:1493: executing include/fastjet/config_auto.h commands
config.status:1533: creating include/fastjet/config_auto.h - prefix FASTJET for include/fastjet/config_raw.h defines
config.status:1555: include/fastjet/config_auto.h is unchanged
config.status:1493: executing depfiles commands
config.status:1493: executing libtool commands
configure:25420: === configuring in plugins/SISCone/siscone (/Users/Alex/Desktop/ProofAna/utils/fastjet/plugins/SISCone/siscone)
configure:25523: running /bin/sh ./configure --disable-option-checking '--prefix=/Users/Alex/Desktop/ProofAna/utils/fastjet/install-dir'  'CXXFLAGS=-O2 -pipe -Wall -W -Woverloaded-virtual -pthread -stdlib=libc++ -std=c++11 -m64 -I/Users/Alex/Desktop/HEP/ROOT6/include -Qunused-arguments -DJETEDM_STANDALONE ' 'LDFLAGS=-O2 -mmacosx-version-min=10.10 -m64' 'FC=gfortran' 'FCFLAGS=-O2 -fPIC' '--enable-shared' '--disable-static' '--enable-monolithic' '--enable-siscone=no' '--enable-cdfcones=no' '--enable-nesteddefs=no' '--enable-jade=no' '--enable-eecambridge=no' --cache-file=/dev/null --srcdir=.

## ---------------- ##
## Cache variables. ##
## ---------------- ##

ac_cv_build=x86_64-apple-darwin14.0.0
ac_cv_c_compiler_gnu=yes
ac_cv_cxx_compiler_gnu=yes
ac_cv_env_CCC_set=
ac_cv_env_CCC_value=
ac_cv_env_CC_set=
ac_cv_env_CC_value=
ac_cv_env_CFLAGS_set=
ac_cv_env_CFLAGS_value=
ac_cv_env_CPPFLAGS_set=
ac_cv_env_CPPFLAGS_value=
ac_cv_env_CPP_set=
ac_cv_env_CPP_value=
ac_cv_env_CXXCPP_set=
ac_cv_env_CXXCPP_value=
ac_cv_env_CXXFLAGS_set=set
ac_cv_env_CXXFLAGS_value='-O2 -pipe -Wall -W -Woverloaded-virtual -pthread -stdlib=libc++ -std=c++11 -m64 -I/Users/Alex/Desktop/HEP/ROOT6/include -Qunused-arguments -DJETEDM_STANDALONE '
ac_cv_env_CXX_set=
ac_cv_env_CXX_value=
ac_cv_env_FCFLAGS_set=set
ac_cv_env_FCFLAGS_value='-O2 -fPIC'
ac_cv_env_FC_set=set
ac_cv_env_FC_value=gfortran
ac_cv_env_LDFLAGS_set=set
ac_cv_env_LDFLAGS_value='-O2 -mmacosx-version-min=10.10 -m64'
ac_cv_env_LIBS_set=
ac_cv_env_LIBS_value=
ac_cv_env_build_alias_set=
ac_cv_env_build_alias_value=
ac_cv_env_host_alias_set=
ac_cv_env_host_alias_value=
ac_cv_env_target_alias_set=
ac_cv_env_target_alias_value=
ac_cv_header_dlfcn_h=yes
ac_cv_header_execinfo_h=yes
ac_cv_header_inttypes_h=yes
ac_cv_header_memory_h=yes
ac_cv_header_stdc=yes
ac_cv_header_stdint_h=yes
ac_cv_header_stdlib_h=yes
ac_cv_header_string_h=yes
ac_cv_header_strings_h=yes
ac_cv_header_sys_stat_h=yes
ac_cv_header_sys_types_h=yes
ac_cv_header_unistd_h=yes
ac_cv_host=x86_64-apple-darwin14.0.0
ac_cv_lib_m_cos=yes
ac_cv_objext=o
ac_cv_path_EGREP='/usr/bin/grep -E'
ac_cv_path_FGREP='/usr/bin/grep -F'
ac_cv_path_GREP=/usr/bin/grep
ac_cv_path_SED=/usr/bin/sed
ac_cv_path_install='/usr/bin/install -c'
ac_cv_prog_AWK=awk
ac_cv_prog_CPP='gcc -E'
ac_cv_prog_CXXCPP='g++ -E'
ac_cv_prog_ac_ct_AR=ar
ac_cv_prog_ac_ct_CC=gcc
ac_cv_prog_ac_ct_CXX=g++
ac_cv_prog_ac_ct_DSYMUTIL=dsymutil
ac_cv_prog_ac_ct_LIPO=lipo
ac_cv_prog_ac_ct_NMEDIT=nmedit
ac_cv_prog_ac_ct_OTOOL=otool
ac_cv_prog_ac_ct_RANLIB=ranlib
ac_cv_prog_ac_ct_STRIP=strip
ac_cv_prog_cc_c89=
ac_cv_prog_cc_g=yes
ac_cv_prog_cxx_found=yes
ac_cv_prog_cxx_g=yes
ac_cv_prog_make_make_set=yes
ac_cv_type_int=yes
ac_cv_type_long=yes
am_cv_CC_dependencies_compiler_type=gcc3
am_cv_CXX_dependencies_compiler_type=gcc3
am_cv_prog_tar_ustar=gnutar
lt_cv_apple_cc_single_mod=yes
lt_cv_ar_at_file=no
lt_cv_deplibs_check_method=pass_all
lt_cv_file_magic_cmd='$MAGIC_CMD'
lt_cv_file_magic_test_file=
lt_cv_ld_exported_symbols_list=yes
lt_cv_ld_force_load=yes
lt_cv_ld_reload_flag=-r
lt_cv_nm_interface='BSD nm'
lt_cv_objdir=.libs
lt_cv_path_LD=/Library/Developer/CommandLineTools/usr/bin/ld
lt_cv_path_LDCXX=/Library/Developer/CommandLineTools/usr/bin/ld
lt_cv_path_NM=/usr/bin/nm
lt_cv_path_mainfest_tool=no
lt_cv_prog_compiler_c_o=yes
lt_cv_prog_compiler_c_o_CXX=yes
lt_cv_prog_compiler_pic='-fno-common -DPIC'
lt_cv_prog_compiler_pic_CXX='-fno-common -DPIC'
lt_cv_prog_compiler_pic_works=yes
lt_cv_prog_compiler_pic_works_CXX=yes
lt_cv_prog_compiler_rtti_exceptions=yes
lt_cv_prog_compiler_static_works=no
lt_cv_prog_compiler_static_works_CXX=no
lt_cv_prog_gnu_ld=no
lt_cv_prog_gnu_ldcxx=no
lt_cv_sharedlib_from_linklib_cmd='printf %s\n'
lt_cv_sys_global_symbol_pipe='sed -n -e '\''s/^.*[	 ]\([BCDEGRST][BCDEGRST]*\)[	 ][	 ]*_\([_A-Za-z][_A-Za-z0-9]*\)$/\1 _\2 \2/p'\'' | sed '\''/ __gnu_lto/d'\'''
lt_cv_sys_global_symbol_to_c_name_address='sed -n -e '\''s/^: \([^ ]*\)[ ]*$/  {\"\1\", (void *) 0},/p'\'' -e '\''s/^[BCDEGRST]* \([^ ]*\) \([^ ]*\)$/  {"\2", (void *) \&\2},/p'\'''
lt_cv_sys_global_symbol_to_c_name_address_lib_prefix='sed -n -e '\''s/^: \([^ ]*\)[ ]*$/  {\"\1\", (void *) 0},/p'\'' -e '\''s/^[BCDEGRST]* \([^ ]*\) \(lib[^ ]*\)$/  {"\2", (void *) \&\2},/p'\'' -e '\''s/^[BCDEGRST]* \([^ ]*\) \([^ ]*\)$/  {"lib\2", (void *) \&\2},/p'\'''
lt_cv_sys_global_symbol_to_cdecl='sed -n -e '\''s/^T .* \(.*\)$/extern int \1();/p'\'' -e '\''s/^[BCDEGRST]* .* \(.*\)$/extern char \1;/p'\'''
lt_cv_sys_max_cmd_len=196608
lt_cv_to_host_file_cmd=func_convert_file_noop
lt_cv_to_tool_file_cmd=func_convert_file_noop

## ----------------- ##
## Output variables. ##
## ----------------- ##

ACLOCAL='${SHELL} /Users/Alex/Desktop/ProofAna/utils/fastjet/missing --run aclocal-1.11'
AMDEPBACKSLASH='\'
AMDEP_FALSE='#'
AMDEP_TRUE=''
AMTAR='${SHELL} /Users/Alex/Desktop/ProofAna/utils/fastjet/missing --run tar'
AM_CXXFLAGS=' -g  -Woverloaded-virtual  -DDROP_CGAL '
AM_FCFLAGS=''
AM_FFLAGS=''
AR='ar'
AUTOCONF='${SHELL} /Users/Alex/Desktop/ProofAna/utils/fastjet/missing --run autoconf'
AUTOHEADER='${SHELL} /Users/Alex/Desktop/ProofAna/utils/fastjet/missing --run autoheader'
AUTOMAKE='${SHELL} /Users/Alex/Desktop/ProofAna/utils/fastjet/missing --run automake-1.11'
AWK='awk'
BUILD_PLUGIN_ATLASCONE_FALSE=''
BUILD_PLUGIN_ATLASCONE_TRUE='#'
BUILD_PLUGIN_CDFCONES_FALSE=''
BUILD_PLUGIN_CDFCONES_TRUE='#'
BUILD_PLUGIN_CMSITERATIVECONE_FALSE=''
BUILD_PLUGIN_CMSITERATIVECONE_TRUE='#'
BUILD_PLUGIN_D0RUNICONE_FALSE=''
BUILD_PLUGIN_D0RUNICONE_TRUE='#'
BUILD_PLUGIN_D0RUNIICONE_FALSE=''
BUILD_PLUGIN_D0RUNIICONE_TRUE='#'
BUILD_PLUGIN_EECAMBRIDGE_FALSE=''
BUILD_PLUGIN_EECAMBRIDGE_TRUE='#'
BUILD_PLUGIN_FLAVKT_FALSE=''
BUILD_PLUGIN_FLAVKT_TRUE='#'
BUILD_PLUGIN_GRIDJET_FALSE='#'
BUILD_PLUGIN_GRIDJET_TRUE=''
BUILD_PLUGIN_JADE_FALSE=''
BUILD_PLUGIN_JADE_TRUE='#'
BUILD_PLUGIN_NESTEDDEFS_FALSE=''
BUILD_PLUGIN_NESTEDDEFS_TRUE='#'
BUILD_PLUGIN_PXCONE_FALSE=''
BUILD_PLUGIN_PXCONE_TRUE='#'
BUILD_PLUGIN_SISCONE_FALSE=''
BUILD_PLUGIN_SISCONE_TRUE='#'
BUILD_PLUGIN_TRACKJET_FALSE=''
BUILD_PLUGIN_TRACKJET_TRUE='#'
CC='gcc'
CCDEPMODE='depmode=gcc3'
CFLAGS='-g -O2'
CGAL_CPPFLAGS=''
CGAL_LIBS=''
CONFIGURE_INVOCATION='./configure  '\''CXXFLAGS=-O2 -pipe -Wall -W -Woverloaded-virtual -pthread -stdlib=libc++ -std=c++11 -m64 -I/Users/Alex/Desktop/HEP/ROOT6/include -Qunused-arguments -DJETEDM_STANDALONE '\'' '\''LDFLAGS=-O2 -mmacosx-version-min=10.10 -m64'\'' '\''FC=gfortran'\'' '\''FCFLAGS=-O2 -fPIC'\'' '\''--enable-shared'\'' '\''--disable-static'\'' '\''--enable-monolithic'\'' '\''--prefix=/Users/Alex/Desktop/ProofAna/utils/fastjet/install-dir'\'' '\''--enable-siscone=no'\'' '\''--enable-cdfcones=no'\'' '\''--enable-nesteddefs=no'\'' '\''--enable-jade=no'\'' '\''--enable-eecambridge=no'\'''
CONFIG_CXXFLAGS=''
CONFIG_LIBS=' -lm '
CONFIG_LIBS_PLUGINS=' -lfastjetplugins '
CONFIG_LIBS_PLUGINS_STATIC=' ${installationdir}/lib/libfastjetplugins.a '
CONFIG_RUNPATH_FLAGS=''
CONFIG_SUMMARY='Configuration summary:\n----------------------\n  Installation directory     /Users/Alex/Desktop/ProofAna/utils/fastjet/install-dir\n  Shared libraries           yes\n  Static libraries           no\n  Debug flag                 no\n  CGAL support               no\n  Plugins: EECambridge       no\n           Jade              no\n           NestedDefs        no\n           SISCone           no\n           CDFCones          no\n           D0RunICone        no\n           D0RunIICone       no\n           ATLASCone         no\n           CMSIterativeCone  no\n           PxCone            no\n           TrackJet          no\n           GridJet           yes\n           FlavKt            no\n  Monolithic plugins lib     yes\n'
CPP='gcc -E'
CPPFLAGS=''
CXX='g++'
CXXCPP='g++ -E'
CXXDEPMODE='depmode=gcc3'
CXXFLAGS='-O2 -pipe -Wall -W -Woverloaded-virtual -pthread -stdlib=libc++ -std=c++11 -m64 -I/Users/Alex/Desktop/HEP/ROOT6/include -Qunused-arguments -DJETEDM_STANDALONE '
CYGPATH_W='echo'
D0_CXXFLAGS=''
DEFS='-DHAVE_CONFIG_H'
DEPDIR='.deps'
DLLTOOL='false'
DSYMUTIL='dsymutil'
DUMPBIN=''
ECHO_C='\c'
ECHO_N=''
ECHO_T=''
EGREP='/usr/bin/grep -E'
EXEEXT=''
F77=''
FC='gfortran'
FCFLAGS='-O2 -fPIC'
FCLIBS=''
FFLAGS=''
FGREP='/usr/bin/grep -F'
FLIBS=''
GREP='/usr/bin/grep'
HAS_RUNPATH_SUPPORT='no'
HAS_SHARED='yes'
INSTALL_DATA='${INSTALL} -m 644'
INSTALL_PROGRAM='${INSTALL}'
INSTALL_SCRIPT='${INSTALL}'
INSTALL_STRIP_PROGRAM='$(install_sh) -c -s'
LD='/Library/Developer/CommandLineTools/usr/bin/ld'
LDFLAGS='-O2 -mmacosx-version-min=10.10 -m64'
LIBOBJS=''
LIBS='-lm '
LIBTOOL='$(SHELL) $(top_builddir)/libtool'
LIPO='lipo'
LIST_ALL_PLUGINS=' GridJet'
LN_S='ln -s'
LTLIBOBJS=''
MAKEINFO='${SHELL} /Users/Alex/Desktop/ProofAna/utils/fastjet/missing --run makeinfo'
MANIFEST_TOOL=':'
MKDIR_P='./install-sh -c -d'
MONOLITHIC_PLUGINS_FALSE='#'
MONOLITHIC_PLUGINS_TRUE=''
NM='/usr/bin/nm'
NMEDIT='nmedit'
OBJDUMP='false'
OBJEXT='o'
OTOOL64=':'
OTOOL='otool'
PACKAGE='fastjet'
PACKAGE_BUGREPORT=''
PACKAGE_NAME='FastJet'
PACKAGE_STRING='FastJet 3.0.2'
PACKAGE_TARNAME='fastjet'
PACKAGE_VERSION='3.0.2'
PATH_SEPARATOR=':'
RANLIB='ranlib'
SED='/usr/bin/sed'
SET_MAKE=''
SHELL='/bin/sh'
STRIP='strip'
VERSION='3.0.2'
ac_ct_AR='ar'
ac_ct_CC='gcc'
ac_ct_CXX='g++'
ac_ct_DUMPBIN=''
ac_ct_FC=''
am__EXEEXT_FALSE=''
am__EXEEXT_TRUE='#'
am__fastdepCC_FALSE='#'
am__fastdepCC_TRUE=''
am__fastdepCXX_FALSE='#'
am__fastdepCXX_TRUE=''
am__include='include'
am__isrc=''
am__leading_dot='.'
am__quote=''
am__tar='tar --format=ustar -chf - "$$tardir"'
am__untar='tar -xf -'
bindir='${exec_prefix}/bin'
build='x86_64-apple-darwin14.0.0'
build_alias=''
build_cpu='x86_64'
build_os='darwin14.0.0'
build_vendor='apple'
cxx_found='yes'
datadir='${datarootdir}'
datarootdir='${prefix}/share'
docdir='${datarootdir}/doc/${PACKAGE_TARNAME}'
dvidir='${docdir}'
exec_prefix='${prefix}'
host='x86_64-apple-darwin14.0.0'
host_alias=''
host_cpu='x86_64'
host_os='darwin14.0.0'
host_vendor='apple'
htmldir='${docdir}'
includedir='${prefix}/include'
infodir='${datarootdir}/info'
install_sh='${SHELL} /Users/Alex/Desktop/ProofAna/utils/fastjet/install-sh'
libdir='${exec_prefix}/lib'
libexecdir='${exec_prefix}/libexec'
localedir='${datarootdir}/locale'
localstatedir='${prefix}/var'
mandir='${datarootdir}/man'
mkdir_p='$(top_builddir)/./install-sh -c -d'
oldincludedir='/usr/include'
pdfdir='${docdir}'
prefix='/Users/Alex/Desktop/ProofAna/utils/fastjet/install-dir'
program_transform_name='s,x,x,'
psdir='${docdir}'
sbindir='${exec_prefix}/sbin'
sharedstatedir='${prefix}/com'
subdirs=' plugins/SISCone/siscone'
sysconfdir='${prefix}/etc'
target_alias=''

## ----------- ##
## confdefs.h. ##
## ----------- ##

#define PACKAGE_NAME "FastJet"
#define PACKAGE_TARNAME "fastjet"
#define PACKAGE_VERSION "3.0.2"
#define PACKAGE_STRING "FastJet 3.0.2"
#define PACKAGE_BUGREPORT ""
#define PACKAGE "fastjet"
#define VERSION "3.0.2"
#define STDC_HEADERS 1
#define HAVE_SYS_TYPES_H 1
#define HAVE_SYS_STAT_H 1
#define HAVE_STDLIB_H 1
#define HAVE_STRING_H 1
#define HAVE_MEMORY_H 1
#define HAVE_STRINGS_H 1
#define HAVE_INTTYPES_H 1
#define HAVE_STDINT_H 1
#define HAVE_UNISTD_H 1
#define STDC_HEADERS 1
#define HAVE_EXECINFO_H 1
#define HAVE_LIBM 1
#define ENABLE_PLUGIN_GRIDJET /**/
#define HAVE_DLFCN_H 1
#define LT_OBJDIR ".libs/"

configure: exit 0
