This file contains any messages produced by compilers while
running configure, to aid debugging if configure makes a mistake.

It was created by SISCone configure 2.0.5, which was
generated by GNU Autoconf 2.68.  Invocation command line was

  $ ./configure --disable-option-checking --prefix=/Users/Alex/Desktop/ProofAna/utils/fastjet/install-dir CXXFLAGS=-O2 -pipe -Wall -W -Woverloaded-virtual -pthread -stdlib=libc++ -std=c++11 -m64 -I/Users/Alex/Desktop/HEP/ROOT6/include -Qunused-arguments -DJETEDM_STANDALONE  LDFLAGS=-O2 -mmacosx-version-min=10.10 -m64 FC=gfortran FCFLAGS=-O2 -fPIC --enable-shared --disable-static --enable-monolithic --enable-siscone=no --enable-cdfcones=no --enable-nesteddefs=no --enable-jade=no --enable-eecambridge=no --cache-file=/dev/null --srcdir=.

## --------- ##
## Platform. ##
## --------- ##

hostname = Christians-MacBook-Pro.local
uname -m = x86_64
uname -r = 14.0.0
uname -s = Darwin
uname -v = Darwin Kernel Version 14.0.0: Fri Sep 19 00:26:44 PDT 2014; root:xnu-2782.1.97~2/RELEASE_X86_64

/usr/bin/uname -p = i386
/bin/uname -X     = unknown

/bin/arch              = unknown
/usr/bin/arch -k       = unknown
/usr/convex/getsysinfo = unknown
/usr/bin/hostinfo      = Mach kernel version:
	 Darwin Kernel Version 14.0.0: Fri Sep 19 00:26:44 PDT 2014; root:xnu-2782.1.97~2/RELEASE_X86_64
Kernel configured for up to 8 processors.
4 processors are physically available.
8 processors are logically available.
Processor type: x86_64h (Intel x86-64h Haswell)
Processors active: 0 1 2 3 4 5 6 7
Primary memory available: 16.00 gigabytes
Default processor set: 222 tasks, 919 threads, 8 processors
Load average: 1.92, Mach factor: 6.07
/bin/machine           = unknown
/usr/bin/oslevel       = unknown
/bin/universe          = unknown

PATH: /Users/Alex/Desktop/ProofAna/utils/fastjet
PATH: /Users/Alex/Desktop/HEP/ROOT6/bin
PATH: /usr/local/bin
PATH: /usr/local/sbin
PATH: /usr/local/bin
PATH: /usr/bin
PATH: /bin
PATH: /usr/sbin
PATH: /sbin
PATH: /opt/X11/bin
PATH: /usr/texbin


## ----------- ##
## Core tests. ##
## ----------- ##

configure:2321: checking for a BSD-compatible install
configure:2389: result: /usr/bin/install -c
configure:2400: checking whether build environment is sane
configure:2450: result: yes
configure:2591: checking for a thread-safe mkdir -p
configure:2630: result: ./install-sh -c -d
configure:2643: checking for gawk
configure:2673: result: no
configure:2643: checking for mawk
configure:2673: result: no
configure:2643: checking for nawk
configure:2673: result: no
configure:2643: checking for awk
configure:2659: found /usr/bin/awk
configure:2670: result: awk
configure:2681: checking whether make sets $(MAKE)
configure:2703: result: yes
configure:2800: checking for style of include used by make
configure:2828: result: GNU
configure:2898: checking for gcc
configure:2914: found /usr/bin/gcc
configure:2925: result: gcc
configure:3154: checking for C compiler version
configure:3163: gcc --version >&5
Apple LLVM version 6.0 (clang-600.0.56) (based on LLVM 3.5svn)
Target: x86_64-apple-darwin14.0.0
Thread model: posix
Configured with: --prefix=/Library/Developer/CommandLineTools/usr --with-gxx-include-dir=/usr/include/c++/4.2.1
configure:3174: $? = 0
configure:3163: gcc -v >&5
Configured with: --prefix=/Library/Developer/CommandLineTools/usr --with-gxx-include-dir=/usr/include/c++/4.2.1
Apple LLVM version 6.0 (clang-600.0.56) (based on LLVM 3.5svn)
Target: x86_64-apple-darwin14.0.0
Thread model: posix
configure:3174: $? = 0
configure:3163: gcc -V >&5
clang: error: argument to '-V' is missing (expected 1 value)
clang: error: no input files
configure:3174: $? = 1
configure:3163: gcc -qversion >&5
clang: error: unknown argument: '-qversion'
clang: error: no input files
configure:3174: $? = 1
configure:3194: checking whether the C compiler works
configure:3216: gcc   -O2 -mmacosx-version-min=10.10 -m64 conftest.c  >&5
configure:3220: $? = 0
configure:3268: result: yes
configure:3271: checking for C compiler default output file name
configure:3273: result: a.out
configure:3279: checking for suffix of executables
configure:3286: gcc -o conftest   -O2 -mmacosx-version-min=10.10 -m64 conftest.c  >&5
configure:3290: $? = 0
configure:3312: result: 
configure:3334: checking whether we are cross compiling
configure:3342: gcc -o conftest   -O2 -mmacosx-version-min=10.10 -m64 conftest.c  >&5
configure:3346: $? = 0
configure:3353: ./conftest
configure:3357: $? = 0
configure:3372: result: no
configure:3377: checking for suffix of object files
configure:3399: gcc -c   conftest.c >&5
configure:3403: $? = 0
configure:3424: result: o
configure:3428: checking whether we are using the GNU C compiler
configure:3447: gcc -c   conftest.c >&5
configure:3447: $? = 0
configure:3456: result: yes
configure:3465: checking whether gcc accepts -g
configure:3485: gcc -c -g  conftest.c >&5
configure:3485: $? = 0
configure:3526: result: yes
configure:3543: checking for gcc option to accept ISO C89
configure:3607: gcc  -c -g -O2  conftest.c >&5
configure:3607: $? = 0
configure:3620: result: none needed
configure:3642: checking dependency style of gcc
configure:3752: result: gcc3
configure:3773: checking how to run the C preprocessor
configure:3804: gcc -E  conftest.c
configure:3804: $? = 0
configure:3818: gcc -E  conftest.c
conftest.c:11:10: fatal error: 'ac_nonexistent.h' file not found
#include <ac_nonexistent.h>
         ^
1 error generated.
configure:3818: $? = 1
configure: failed program was:
| /* confdefs.h */
| #define PACKAGE_NAME "SISCone"
| #define PACKAGE_TARNAME "siscone"
| #define PACKAGE_VERSION "2.0.5"
| #define PACKAGE_STRING "SISCone 2.0.5"
| #define PACKAGE_BUGREPORT ""
| #define PACKAGE_URL ""
| #define PACKAGE "siscone"
| #define VERSION "2.0.5"
| /* end confdefs.h.  */
| #include <ac_nonexistent.h>
configure:3843: result: gcc -E
configure:3863: gcc -E  conftest.c
configure:3863: $? = 0
configure:3877: gcc -E  conftest.c
conftest.c:11:10: fatal error: 'ac_nonexistent.h' file not found
#include <ac_nonexistent.h>
         ^
1 error generated.
configure:3877: $? = 1
configure: failed program was:
| /* confdefs.h */
| #define PACKAGE_NAME "SISCone"
| #define PACKAGE_TARNAME "siscone"
| #define PACKAGE_VERSION "2.0.5"
| #define PACKAGE_STRING "SISCone 2.0.5"
| #define PACKAGE_BUGREPORT ""
| #define PACKAGE_URL ""
| #define PACKAGE "siscone"
| #define VERSION "2.0.5"
| /* end confdefs.h.  */
| #include <ac_nonexistent.h>
configure:3906: checking for grep that handles long lines and -e
configure:3964: result: /usr/bin/grep
configure:3969: checking for egrep
configure:4031: result: /usr/bin/grep -E
configure:4036: checking for ANSI C header files
configure:4056: gcc -c -g -O2  conftest.c >&5
configure:4056: $? = 0
configure:4129: gcc -o conftest -g -O2  -O2 -mmacosx-version-min=10.10 -m64 conftest.c  >&5
configure:4129: $? = 0
configure:4129: ./conftest
configure:4129: $? = 0
configure:4140: result: yes
configure:4153: checking for sys/types.h
configure:4153: gcc -c -g -O2  conftest.c >&5
configure:4153: $? = 0
configure:4153: result: yes
configure:4153: checking for sys/stat.h
configure:4153: gcc -c -g -O2  conftest.c >&5
configure:4153: $? = 0
configure:4153: result: yes
configure:4153: checking for stdlib.h
configure:4153: gcc -c -g -O2  conftest.c >&5
configure:4153: $? = 0
configure:4153: result: yes
configure:4153: checking for string.h
configure:4153: gcc -c -g -O2  conftest.c >&5
configure:4153: $? = 0
configure:4153: result: yes
configure:4153: checking for memory.h
configure:4153: gcc -c -g -O2  conftest.c >&5
configure:4153: $? = 0
configure:4153: result: yes
configure:4153: checking for strings.h
configure:4153: gcc -c -g -O2  conftest.c >&5
configure:4153: $? = 0
configure:4153: result: yes
configure:4153: checking for inttypes.h
configure:4153: gcc -c -g -O2  conftest.c >&5
configure:4153: $? = 0
configure:4153: result: yes
configure:4153: checking for stdint.h
configure:4153: gcc -c -g -O2  conftest.c >&5
configure:4153: $? = 0
configure:4153: result: yes
configure:4153: checking for unistd.h
configure:4153: gcc -c -g -O2  conftest.c >&5
configure:4153: $? = 0
configure:4153: result: yes
configure:4165: checking for int
configure:4165: gcc -c -g -O2  conftest.c >&5
configure:4165: $? = 0
configure:4165: gcc -c -g -O2  conftest.c >&5
conftest.c:57:18: error: expected expression
if (sizeof ((int)))
                 ^
1 error generated.
configure:4165: $? = 1
configure: failed program was:
| /* confdefs.h */
| #define PACKAGE_NAME "SISCone"
| #define PACKAGE_TARNAME "siscone"
| #define PACKAGE_VERSION "2.0.5"
| #define PACKAGE_STRING "SISCone 2.0.5"
| #define PACKAGE_BUGREPORT ""
| #define PACKAGE_URL ""
| #define PACKAGE "siscone"
| #define VERSION "2.0.5"
| #define STDC_HEADERS 1
| #define HAVE_SYS_TYPES_H 1
| #define HAVE_SYS_STAT_H 1
| #define HAVE_STDLIB_H 1
| #define HAVE_STRING_H 1
| #define HAVE_MEMORY_H 1
| #define HAVE_STRINGS_H 1
| #define HAVE_INTTYPES_H 1
| #define HAVE_STDINT_H 1
| #define HAVE_UNISTD_H 1
| /* end confdefs.h.  */
| #include <stdio.h>
| #ifdef HAVE_SYS_TYPES_H
| # include <sys/types.h>
| #endif
| #ifdef HAVE_SYS_STAT_H
| # include <sys/stat.h>
| #endif
| #ifdef STDC_HEADERS
| # include <stdlib.h>
| # include <stddef.h>
| #else
| # ifdef HAVE_STDLIB_H
| #  include <stdlib.h>
| # endif
| #endif
| #ifdef HAVE_STRING_H
| # if !defined STDC_HEADERS && defined HAVE_MEMORY_H
| #  include <memory.h>
| # endif
| # include <string.h>
| #endif
| #ifdef HAVE_STRINGS_H
| # include <strings.h>
| #endif
| #ifdef HAVE_INTTYPES_H
| # include <inttypes.h>
| #endif
| #ifdef HAVE_STDINT_H
| # include <stdint.h>
| #endif
| #ifdef HAVE_UNISTD_H
| # include <unistd.h>
| #endif
| int
| main ()
| {
| if (sizeof ((int)))
| 	    return 0;
|   ;
|   return 0;
| }
configure:4165: result: yes
configure:4170: checking for long
configure:4170: gcc -c -g -O2  conftest.c >&5
configure:4170: $? = 0
configure:4170: gcc -c -g -O2  conftest.c >&5
conftest.c:57:19: error: expected expression
if (sizeof ((long)))
                  ^
1 error generated.
configure:4170: $? = 1
configure: failed program was:
| /* confdefs.h */
| #define PACKAGE_NAME "SISCone"
| #define PACKAGE_TARNAME "siscone"
| #define PACKAGE_VERSION "2.0.5"
| #define PACKAGE_STRING "SISCone 2.0.5"
| #define PACKAGE_BUGREPORT ""
| #define PACKAGE_URL ""
| #define PACKAGE "siscone"
| #define VERSION "2.0.5"
| #define STDC_HEADERS 1
| #define HAVE_SYS_TYPES_H 1
| #define HAVE_SYS_STAT_H 1
| #define HAVE_STDLIB_H 1
| #define HAVE_STRING_H 1
| #define HAVE_MEMORY_H 1
| #define HAVE_STRINGS_H 1
| #define HAVE_INTTYPES_H 1
| #define HAVE_STDINT_H 1
| #define HAVE_UNISTD_H 1
| /* end confdefs.h.  */
| #include <stdio.h>
| #ifdef HAVE_SYS_TYPES_H
| # include <sys/types.h>
| #endif
| #ifdef HAVE_SYS_STAT_H
| # include <sys/stat.h>
| #endif
| #ifdef STDC_HEADERS
| # include <stdlib.h>
| # include <stddef.h>
| #else
| # ifdef HAVE_STDLIB_H
| #  include <stdlib.h>
| # endif
| #endif
| #ifdef HAVE_STRING_H
| # if !defined STDC_HEADERS && defined HAVE_MEMORY_H
| #  include <memory.h>
| # endif
| # include <string.h>
| #endif
| #ifdef HAVE_STRINGS_H
| # include <strings.h>
| #endif
| #ifdef HAVE_INTTYPES_H
| # include <inttypes.h>
| #endif
| #ifdef HAVE_STDINT_H
| # include <stdint.h>
| #endif
| #ifdef HAVE_UNISTD_H
| # include <unistd.h>
| #endif
| int
| main ()
| {
| if (sizeof ((long)))
| 	    return 0;
|   ;
|   return 0;
| }
configure:4170: result: yes
configure:4236: checking for g++
configure:4252: found /usr/bin/g++
configure:4263: result: g++
configure:4290: checking for C++ compiler version
configure:4299: g++ --version >&5
Apple LLVM version 6.0 (clang-600.0.56) (based on LLVM 3.5svn)
Target: x86_64-apple-darwin14.0.0
Thread model: posix
Configured with: --prefix=/Library/Developer/CommandLineTools/usr --with-gxx-include-dir=/usr/include/c++/4.2.1
configure:4310: $? = 0
configure:4299: g++ -v >&5
Configured with: --prefix=/Library/Developer/CommandLineTools/usr --with-gxx-include-dir=/usr/include/c++/4.2.1
Apple LLVM version 6.0 (clang-600.0.56) (based on LLVM 3.5svn)
Target: x86_64-apple-darwin14.0.0
Thread model: posix
configure:4310: $? = 0
configure:4299: g++ -V >&5
clang: error: argument to '-V' is missing (expected 1 value)
clang: error: no input files
configure:4310: $? = 1
configure:4299: g++ -qversion >&5
clang: error: unknown argument: '-qversion'
clang: error: no input files
configure:4310: $? = 1
configure:4314: checking whether we are using the GNU C++ compiler
configure:4333: g++ -c -O2 -pipe -Wall -W -Woverloaded-virtual -pthread -stdlib=libc++ -std=c++11 -m64 -I/Users/Alex/Desktop/HEP/ROOT6/include -Qunused-arguments -DJETEDM_STANDALONE   conftest.cpp >&5
configure:4333: $? = 0
configure:4342: result: yes
configure:4351: checking whether g++ accepts -g
configure:4371: g++ -c -g  conftest.cpp >&5
configure:4371: $? = 0
configure:4412: result: yes
configure:4437: checking dependency style of g++
configure:4547: result: gcc3
configure:4563: checking whether ln -s works
configure:4567: result: yes
configure:4574: checking whether make sets $(MAKE)
configure:4596: result: yes
configure:4606: checking for ANSI C header files
configure:4710: result: yes
configure:4734: checking for cos in -lm
configure:4759: gcc -o conftest -g -O2  -O2 -mmacosx-version-min=10.10 -m64 conftest.c -lm   >&5
conftest.c:29:6: warning: incompatible redeclaration of library function 'cos' [-Wincompatible-library-redeclaration]
char cos ();
     ^
conftest.c:29:6: note: 'cos' is a builtin with type 'double (double)'
1 warning generated.
configure:4759: $? = 0
configure:4768: result: yes
configure:4810: checking build system type
configure:4824: result: x86_64-apple-darwin14.0.0
configure:4844: checking host system type
configure:4857: result: x86_64-apple-darwin14.0.0
configure:4898: checking how to print strings
configure:4925: result: printf
configure:4946: checking for a sed that does not truncate output
configure:5010: result: /usr/bin/sed
configure:5028: checking for fgrep
configure:5090: result: /usr/bin/grep -F
configure:5125: checking for ld used by gcc
configure:5192: result: /Library/Developer/CommandLineTools/usr/bin/ld
configure:5199: checking if the linker (/Library/Developer/CommandLineTools/usr/bin/ld) is GNU ld
configure:5214: result: no
configure:5226: checking for BSD- or MS-compatible name lister (nm)
configure:5275: result: /usr/bin/nm
configure:5405: checking the name lister (/usr/bin/nm) interface
configure:5412: gcc -c -g -O2  conftest.c >&5
configure:5415: /usr/bin/nm "conftest.o"
configure:5418: output
0000000000000240 S _some_variable
configure:5425: result: BSD nm
configure:5429: checking the maximum length of command line arguments
configure:5554: result: 196608
configure:5571: checking whether the shell understands some XSI constructs
configure:5581: result: yes
configure:5585: checking whether the shell understands "+="
configure:5591: result: yes
configure:5626: checking how to convert x86_64-apple-darwin14.0.0 file names to x86_64-apple-darwin14.0.0 format
configure:5666: result: func_convert_file_noop
configure:5673: checking how to convert x86_64-apple-darwin14.0.0 file names to toolchain format
configure:5693: result: func_convert_file_noop
configure:5700: checking for /Library/Developer/CommandLineTools/usr/bin/ld option to reload object files
configure:5707: result: -r
configure:5781: checking for objdump
configure:5811: result: no
configure:5840: checking how to recognize dependent libraries
configure:6042: result: pass_all
configure:6127: checking for dlltool
configure:6157: result: no
configure:6187: checking how to associate runtime and link libraries
configure:6214: result: printf %s\n
configure:6274: checking for ar
configure:6290: found /usr/bin/ar
configure:6301: result: ar
configure:6338: checking for archiver @FILE support
configure:6355: gcc -c -g -O2  conftest.c >&5
configure:6355: $? = 0
configure:6358: ar cru libconftest.a @conftest.lst >&5
ar: @conftest.lst: No such file or directory
configure:6361: $? = 1
configure:6381: result: no
configure:6439: checking for strip
configure:6455: found /usr/bin/strip
configure:6466: result: strip
configure:6538: checking for ranlib
configure:6554: found /usr/bin/ranlib
configure:6565: result: ranlib
configure:6667: checking command to parse /usr/bin/nm output from gcc object
configure:6786: gcc -c -g -O2  conftest.c >&5
configure:6789: $? = 0
configure:6793: /usr/bin/nm conftest.o \| sed -n -e 's/^.*[ ]\([BCDEGRST][BCDEGRST]*\)[ ][ ]*\([_A-Za-z][_A-Za-z0-9]*\)$/\1 \2 \2/p' | sed '/ __gnu_lto/d' \> conftest.nm
configure:6796: $? = 0
cannot find nm_test_var in conftest.nm
configure:6786: gcc -c -g -O2  conftest.c >&5
configure:6789: $? = 0
configure:6793: /usr/bin/nm conftest.o \| sed -n -e 's/^.*[ ]\([BCDEGRST][BCDEGRST]*\)[ ][ ]*_\([_A-Za-z][_A-Za-z0-9]*\)$/\1 _\2 \2/p' | sed '/ __gnu_lto/d' \> conftest.nm
configure:6796: $? = 0
configure:6862: gcc -o conftest -g -O2  -O2 -mmacosx-version-min=10.10 -m64 conftest.c conftstm.o >&5
configure:6865: $? = 0
configure:6903: result: ok
configure:6940: checking for sysroot
configure:6970: result: no
configure:7213: checking for mt
configure:7243: result: no
configure:7263: checking if : is a manifest tool
configure:7269: : '-?'
configure:7277: result: no
configure:7333: checking for dsymutil
configure:7349: found /usr/bin/dsymutil
configure:7360: result: dsymutil
configure:7425: checking for nmedit
configure:7441: found /usr/bin/nmedit
configure:7452: result: nmedit
configure:7517: checking for lipo
configure:7533: found /usr/bin/lipo
configure:7544: result: lipo
configure:7609: checking for otool
configure:7625: found /usr/bin/otool
configure:7636: result: otool
configure:7701: checking for otool64
configure:7731: result: no
configure:7776: checking for -single_module linker flag
gcc -g -O2 -O2 -mmacosx-version-min=10.10 -m64 -o libconftest.dylib -dynamiclib -Wl,-single_module conftest.c
configure:7803: result: yes
configure:7805: checking for -exported_symbols_list linker flag
configure:7825: gcc -o conftest -g -O2  -O2 -mmacosx-version-min=10.10 -m64 -Wl,-exported_symbols_list,conftest.sym conftest.c -lm  >&5
configure:7825: $? = 0
configure:7835: result: yes
configure:7837: checking for -force_load linker flag
gcc -g -O2 -c -o conftest.o conftest.c
ar cru libconftest.a conftest.o
ranlib libconftest.a
gcc -g -O2 -O2 -mmacosx-version-min=10.10 -m64 -o conftest conftest.c -Wl,-force_load,./libconftest.a
configure:7867: result: yes
configure:7906: checking for dlfcn.h
configure:7906: gcc -c -g -O2  conftest.c >&5
configure:7906: $? = 0
configure:7906: result: yes
configure:8104: checking for objdir
configure:8119: result: .libs
configure:8386: checking if gcc supports -fno-rtti -fno-exceptions
configure:8404: gcc -c -g -O2  -fno-rtti -fno-exceptions conftest.c >&5
configure:8408: $? = 0
configure:8421: result: yes
configure:8731: checking for gcc option to produce PIC
configure:8738: result: -fno-common -DPIC
configure:8746: checking if gcc PIC flag -fno-common -DPIC works
configure:8764: gcc -c -g -O2  -fno-common -DPIC -DPIC conftest.c >&5
configure:8768: $? = 0
configure:8781: result: yes
configure:8810: checking if gcc static flag -static works
configure:8838: result: no
configure:8853: checking if gcc supports -c -o file.o
configure:8874: gcc -c -g -O2  -o out/conftest2.o conftest.c >&5
configure:8878: $? = 0
configure:8900: result: yes
configure:8908: checking if gcc supports -c -o file.o
configure:8955: result: yes
configure:8988: checking whether the gcc linker (/Library/Developer/CommandLineTools/usr/bin/ld) supports shared libraries
configure:10146: result: yes
configure:10391: checking dynamic linker characteristics
configure:11131: result: darwin14.0.0 dyld
configure:11238: checking how to hardcode library paths into programs
configure:11263: result: immediate
configure:11803: checking whether stripping libraries is possible
configure:11817: result: yes
configure:11843: checking if libtool supports shared libraries
configure:11845: result: yes
configure:11848: checking whether to build shared libraries
configure:11869: result: yes
configure:11872: checking whether to build static libraries
configure:11876: result: no
configure:11899: checking how to run the C++ preprocessor
configure:11926: g++ -E  conftest.cpp
configure:11926: $? = 0
configure:11940: g++ -E  conftest.cpp
conftest.cpp:25:10: fatal error: 'ac_nonexistent.h' file not found
#include <ac_nonexistent.h>
         ^
1 error generated.
configure:11940: $? = 1
configure: failed program was:
| /* confdefs.h */
| #define PACKAGE_NAME "SISCone"
| #define PACKAGE_TARNAME "siscone"
| #define PACKAGE_VERSION "2.0.5"
| #define PACKAGE_STRING "SISCone 2.0.5"
| #define PACKAGE_BUGREPORT ""
| #define PACKAGE_URL ""
| #define PACKAGE "siscone"
| #define VERSION "2.0.5"
| #define STDC_HEADERS 1
| #define HAVE_SYS_TYPES_H 1
| #define HAVE_SYS_STAT_H 1
| #define HAVE_STDLIB_H 1
| #define HAVE_STRING_H 1
| #define HAVE_MEMORY_H 1
| #define HAVE_STRINGS_H 1
| #define HAVE_INTTYPES_H 1
| #define HAVE_STDINT_H 1
| #define HAVE_UNISTD_H 1
| #define STDC_HEADERS 1
| #define HAVE_LIBM 1
| #define HAVE_DLFCN_H 1
| #define LT_OBJDIR ".libs/"
| /* end confdefs.h.  */
| #include <ac_nonexistent.h>
configure:11965: result: g++ -E
configure:11985: g++ -E  conftest.cpp
configure:11985: $? = 0
configure:11999: g++ -E  conftest.cpp
conftest.cpp:25:10: fatal error: 'ac_nonexistent.h' file not found
#include <ac_nonexistent.h>
         ^
1 error generated.
configure:11999: $? = 1
configure: failed program was:
| /* confdefs.h */
| #define PACKAGE_NAME "SISCone"
| #define PACKAGE_TARNAME "siscone"
| #define PACKAGE_VERSION "2.0.5"
| #define PACKAGE_STRING "SISCone 2.0.5"
| #define PACKAGE_BUGREPORT ""
| #define PACKAGE_URL ""
| #define PACKAGE "siscone"
| #define VERSION "2.0.5"
| #define STDC_HEADERS 1
| #define HAVE_SYS_TYPES_H 1
| #define HAVE_SYS_STAT_H 1
| #define HAVE_STDLIB_H 1
| #define HAVE_STRING_H 1
| #define HAVE_MEMORY_H 1
| #define HAVE_STRINGS_H 1
| #define HAVE_INTTYPES_H 1
| #define HAVE_STDINT_H 1
| #define HAVE_UNISTD_H 1
| #define STDC_HEADERS 1
| #define HAVE_LIBM 1
| #define HAVE_DLFCN_H 1
| #define LT_OBJDIR ".libs/"
| /* end confdefs.h.  */
| #include <ac_nonexistent.h>
configure:12169: checking for ld used by g++
configure:12236: result: /Library/Developer/CommandLineTools/usr/bin/ld
configure:12243: checking if the linker (/Library/Developer/CommandLineTools/usr/bin/ld) is GNU ld
configure:12258: result: no
configure:12313: checking whether the g++ linker (/Library/Developer/CommandLineTools/usr/bin/ld) supports shared libraries
configure:13317: result: yes
configure:13352: g++ -c -O2 -pipe -Wall -W -Woverloaded-virtual -pthread -stdlib=libc++ -std=c++11 -m64 -I/Users/Alex/Desktop/HEP/ROOT6/include -Qunused-arguments -DJETEDM_STANDALONE  -g   conftest.cpp >&5
configure:13355: $? = 0
configure:13875: checking for g++ option to produce PIC
configure:13882: result: -fno-common -DPIC
configure:13890: checking if g++ PIC flag -fno-common -DPIC works
configure:13908: g++ -c -O2 -pipe -Wall -W -Woverloaded-virtual -pthread -stdlib=libc++ -std=c++11 -m64 -I/Users/Alex/Desktop/HEP/ROOT6/include -Qunused-arguments -DJETEDM_STANDALONE  -g   -fno-common -DPIC -DPIC conftest.cpp >&5
configure:13912: $? = 0
configure:13925: result: yes
configure:13948: checking if g++ static flag -static works
configure:13976: result: no
configure:13988: checking if g++ supports -c -o file.o
configure:14009: g++ -c -O2 -pipe -Wall -W -Woverloaded-virtual -pthread -stdlib=libc++ -std=c++11 -m64 -I/Users/Alex/Desktop/HEP/ROOT6/include -Qunused-arguments -DJETEDM_STANDALONE  -g   -o out/conftest2.o conftest.cpp >&5
configure:14013: $? = 0
configure:14035: result: yes
configure:14040: checking if g++ supports -c -o file.o
configure:14087: result: yes
configure:14117: checking whether the g++ linker (/Library/Developer/CommandLineTools/usr/bin/ld) supports shared libraries
configure:14151: result: yes
configure:14294: checking dynamic linker characteristics
configure:14968: result: darwin14.0.0 dyld
configure:15021: checking how to hardcode library paths into programs
configure:15046: result: immediate
configure:15242: creating ./config.status

## ---------------------- ##
## Running config.status. ##
## ---------------------- ##

This file was extended by SISCone config.status 2.0.5, which was
generated by GNU Autoconf 2.68.  Invocation command line was

  CONFIG_FILES    = 
  CONFIG_HEADERS  = 
  CONFIG_LINKS    = 
  CONFIG_COMMANDS = 
  $ ./config.status 

on Christians-MacBook-Pro.local

config.status:1155: creating Makefile
config.status:1155: creating siscone/Makefile
config.status:1155: creating siscone/spherical/Makefile
config.status:1155: creating examples/Makefile
config.status:1155: creating examples/events/Makefile
config.status:1155: creating siscone/config.h
config.status:1336: siscone/config.h is unchanged
config.status:1384: executing depfiles commands
config.status:1384: executing libtool commands

## ---------------- ##
## Cache variables. ##
## ---------------- ##

ac_cv_build=x86_64-apple-darwin14.0.0
ac_cv_c_compiler_gnu=yes
ac_cv_cxx_compiler_gnu=yes
ac_cv_env_CCC_set=
ac_cv_env_CCC_value=
ac_cv_env_CC_set=
ac_cv_env_CC_value=
ac_cv_env_CFLAGS_set=
ac_cv_env_CFLAGS_value=
ac_cv_env_CPPFLAGS_set=
ac_cv_env_CPPFLAGS_value=
ac_cv_env_CPP_set=
ac_cv_env_CPP_value=
ac_cv_env_CXXCPP_set=
ac_cv_env_CXXCPP_value=
ac_cv_env_CXXFLAGS_set=set
ac_cv_env_CXXFLAGS_value='-O2 -pipe -Wall -W -Woverloaded-virtual -pthread -stdlib=libc++ -std=c++11 -m64 -I/Users/Alex/Desktop/HEP/ROOT6/include -Qunused-arguments -DJETEDM_STANDALONE '
ac_cv_env_CXX_set=
ac_cv_env_CXX_value=
ac_cv_env_LDFLAGS_set=set
ac_cv_env_LDFLAGS_value='-O2 -mmacosx-version-min=10.10 -m64'
ac_cv_env_LIBS_set=
ac_cv_env_LIBS_value=
ac_cv_env_build_alias_set=
ac_cv_env_build_alias_value=
ac_cv_env_host_alias_set=
ac_cv_env_host_alias_value=
ac_cv_env_target_alias_set=
ac_cv_env_target_alias_value=
ac_cv_header_dlfcn_h=yes
ac_cv_header_inttypes_h=yes
ac_cv_header_memory_h=yes
ac_cv_header_stdc=yes
ac_cv_header_stdint_h=yes
ac_cv_header_stdlib_h=yes
ac_cv_header_string_h=yes
ac_cv_header_strings_h=yes
ac_cv_header_sys_stat_h=yes
ac_cv_header_sys_types_h=yes
ac_cv_header_unistd_h=yes
ac_cv_host=x86_64-apple-darwin14.0.0
ac_cv_lib_m_cos=yes
ac_cv_objext=o
ac_cv_path_EGREP='/usr/bin/grep -E'
ac_cv_path_FGREP='/usr/bin/grep -F'
ac_cv_path_GREP=/usr/bin/grep
ac_cv_path_SED=/usr/bin/sed
ac_cv_path_install='/usr/bin/install -c'
ac_cv_prog_AWK=awk
ac_cv_prog_CPP='gcc -E'
ac_cv_prog_CXXCPP='g++ -E'
ac_cv_prog_ac_ct_AR=ar
ac_cv_prog_ac_ct_CC=gcc
ac_cv_prog_ac_ct_CXX=g++
ac_cv_prog_ac_ct_DSYMUTIL=dsymutil
ac_cv_prog_ac_ct_LIPO=lipo
ac_cv_prog_ac_ct_NMEDIT=nmedit
ac_cv_prog_ac_ct_OTOOL=otool
ac_cv_prog_ac_ct_RANLIB=ranlib
ac_cv_prog_ac_ct_STRIP=strip
ac_cv_prog_cc_c89=
ac_cv_prog_cc_g=yes
ac_cv_prog_cxx_g=yes
ac_cv_prog_make_make_set=yes
ac_cv_type_int=yes
ac_cv_type_long=yes
am_cv_CC_dependencies_compiler_type=gcc3
am_cv_CXX_dependencies_compiler_type=gcc3
lt_cv_apple_cc_single_mod=yes
lt_cv_ar_at_file=no
lt_cv_deplibs_check_method=pass_all
lt_cv_file_magic_cmd='$MAGIC_CMD'
lt_cv_file_magic_test_file=
lt_cv_ld_exported_symbols_list=yes
lt_cv_ld_force_load=yes
lt_cv_ld_reload_flag=-r
lt_cv_nm_interface='BSD nm'
lt_cv_objdir=.libs
lt_cv_path_LD=/Library/Developer/CommandLineTools/usr/bin/ld
lt_cv_path_LDCXX=/Library/Developer/CommandLineTools/usr/bin/ld
lt_cv_path_NM=/usr/bin/nm
lt_cv_path_mainfest_tool=no
lt_cv_prog_compiler_c_o=yes
lt_cv_prog_compiler_c_o_CXX=yes
lt_cv_prog_compiler_pic='-fno-common -DPIC'
lt_cv_prog_compiler_pic_CXX='-fno-common -DPIC'
lt_cv_prog_compiler_pic_works=yes
lt_cv_prog_compiler_pic_works_CXX=yes
lt_cv_prog_compiler_rtti_exceptions=yes
lt_cv_prog_compiler_static_works=no
lt_cv_prog_compiler_static_works_CXX=no
lt_cv_prog_gnu_ld=no
lt_cv_prog_gnu_ldcxx=no
lt_cv_sharedlib_from_linklib_cmd='printf %s\n'
lt_cv_sys_global_symbol_pipe='sed -n -e '\''s/^.*[	 ]\([BCDEGRST][BCDEGRST]*\)[	 ][	 ]*_\([_A-Za-z][_A-Za-z0-9]*\)$/\1 _\2 \2/p'\'' | sed '\''/ __gnu_lto/d'\'''
lt_cv_sys_global_symbol_to_c_name_address='sed -n -e '\''s/^: \([^ ]*\)[ ]*$/  {\"\1\", (void *) 0},/p'\'' -e '\''s/^[BCDEGRST]* \([^ ]*\) \([^ ]*\)$/  {"\2", (void *) \&\2},/p'\'''
lt_cv_sys_global_symbol_to_c_name_address_lib_prefix='sed -n -e '\''s/^: \([^ ]*\)[ ]*$/  {\"\1\", (void *) 0},/p'\'' -e '\''s/^[BCDEGRST]* \([^ ]*\) \(lib[^ ]*\)$/  {"\2", (void *) \&\2},/p'\'' -e '\''s/^[BCDEGRST]* \([^ ]*\) \([^ ]*\)$/  {"lib\2", (void *) \&\2},/p'\'''
lt_cv_sys_global_symbol_to_cdecl='sed -n -e '\''s/^T .* \(.*\)$/extern int \1();/p'\'' -e '\''s/^[BCDEGRST]* .* \(.*\)$/extern char \1;/p'\'''
lt_cv_sys_max_cmd_len=196608
lt_cv_to_host_file_cmd=func_convert_file_noop
lt_cv_to_tool_file_cmd=func_convert_file_noop

## ----------------- ##
## Output variables. ##
## ----------------- ##

ACLOCAL='${SHELL} /Users/Alex/Desktop/ProofAna/utils/fastjet/plugins/SISCone/siscone/missing --run aclocal-1.11'
AMDEPBACKSLASH='\'
AMDEP_FALSE='#'
AMDEP_TRUE=''
AMTAR='${SHELL} /Users/Alex/Desktop/ProofAna/utils/fastjet/plugins/SISCone/siscone/missing --run tar'
AR='ar'
AUTOCONF='${SHELL} /Users/Alex/Desktop/ProofAna/utils/fastjet/plugins/SISCone/siscone/missing --run autoconf'
AUTOHEADER='${SHELL} /Users/Alex/Desktop/ProofAna/utils/fastjet/plugins/SISCone/siscone/missing --run autoheader'
AUTOMAKE='${SHELL} /Users/Alex/Desktop/ProofAna/utils/fastjet/plugins/SISCone/siscone/missing --run automake-1.11'
AWK='awk'
CC='gcc'
CCDEPMODE='depmode=gcc3'
CFLAGS='-g -O2'
CPP='gcc -E'
CPPFLAGS=''
CXX='g++'
CXXCPP='g++ -E'
CXXDEPMODE='depmode=gcc3'
CXXFLAGS='-O2 -pipe -Wall -W -Woverloaded-virtual -pthread -stdlib=libc++ -std=c++11 -m64 -I/Users/Alex/Desktop/HEP/ROOT6/include -Qunused-arguments -DJETEDM_STANDALONE  -g '
CYGPATH_W='echo'
DEFS='-DHAVE_CONFIG_H'
DEPDIR='.deps'
DLLTOOL='false'
DSYMUTIL='dsymutil'
DUMPBIN=''
ECHO_C='\c'
ECHO_N=''
ECHO_T=''
EGREP='/usr/bin/grep -E'
EXEEXT=''
FGREP='/usr/bin/grep -F'
GREP='/usr/bin/grep'
INSTALL_DATA='${INSTALL} -m 644'
INSTALL_PROGRAM='${INSTALL}'
INSTALL_SCRIPT='${INSTALL}'
INSTALL_STRIP_PROGRAM='$(install_sh) -c -s'
LD='/Library/Developer/CommandLineTools/usr/bin/ld'
LDFLAGS='-O2 -mmacosx-version-min=10.10 -m64'
LIBOBJS=''
LIBS='-lm '
LIBTOOL='$(SHELL) $(top_builddir)/libtool'
LIPO='lipo'
LN_S='ln -s'
LTLIBOBJS=''
MAKEINFO='${SHELL} /Users/Alex/Desktop/ProofAna/utils/fastjet/plugins/SISCone/siscone/missing --run makeinfo'
MANIFEST_TOOL=':'
MKDIR_P='./install-sh -c -d'
NM='/usr/bin/nm'
NMEDIT='nmedit'
OBJDUMP='false'
OBJEXT='o'
OTOOL64=':'
OTOOL='otool'
PACKAGE='siscone'
PACKAGE_BUGREPORT=''
PACKAGE_NAME='SISCone'
PACKAGE_STRING='SISCone 2.0.5'
PACKAGE_TARNAME='siscone'
PACKAGE_URL=''
PACKAGE_VERSION='2.0.5'
PATH_SEPARATOR=':'
RANLIB='ranlib'
SED='/usr/bin/sed'
SET_MAKE=''
SHELL='/bin/sh'
STRIP='strip'
VERSION='2.0.5'
ac_ct_AR='ar'
ac_ct_CC='gcc'
ac_ct_CXX='g++'
ac_ct_DUMPBIN=''
am__EXEEXT_FALSE=''
am__EXEEXT_TRUE='#'
am__fastdepCC_FALSE='#'
am__fastdepCC_TRUE=''
am__fastdepCXX_FALSE='#'
am__fastdepCXX_TRUE=''
am__include='include'
am__isrc=''
am__leading_dot='.'
am__quote=''
am__tar='${AMTAR} chof - "$$tardir"'
am__untar='${AMTAR} xf -'
bindir='${exec_prefix}/bin'
build='x86_64-apple-darwin14.0.0'
build_alias=''
build_cpu='x86_64'
build_os='darwin14.0.0'
build_vendor='apple'
datadir='${datarootdir}'
datarootdir='${prefix}/share'
docdir='${datarootdir}/doc/${PACKAGE_TARNAME}'
dvidir='${docdir}'
exec_prefix='${prefix}'
host='x86_64-apple-darwin14.0.0'
host_alias=''
host_cpu='x86_64'
host_os='darwin14.0.0'
host_vendor='apple'
htmldir='${docdir}'
includedir='${prefix}/include'
infodir='${datarootdir}/info'
install_sh='${SHELL} /Users/Alex/Desktop/ProofAna/utils/fastjet/plugins/SISCone/siscone/install-sh'
libdir='${exec_prefix}/lib'
libexecdir='${exec_prefix}/libexec'
localedir='${datarootdir}/locale'
localstatedir='${prefix}/var'
mandir='${datarootdir}/man'
mkdir_p='$(top_builddir)/./install-sh -c -d'
oldincludedir='/usr/include'
pdfdir='${docdir}'
prefix='/Users/Alex/Desktop/ProofAna/utils/fastjet/install-dir'
program_transform_name='s,x,x,'
psdir='${docdir}'
sbindir='${exec_prefix}/sbin'
sharedstatedir='${prefix}/com'
sysconfdir='${prefix}/etc'
target_alias=''

## ----------- ##
## confdefs.h. ##
## ----------- ##

/* confdefs.h */
#define PACKAGE_NAME "SISCone"
#define PACKAGE_TARNAME "siscone"
#define PACKAGE_VERSION "2.0.5"
#define PACKAGE_STRING "SISCone 2.0.5"
#define PACKAGE_BUGREPORT ""
#define PACKAGE_URL ""
#define PACKAGE "siscone"
#define VERSION "2.0.5"
#define STDC_HEADERS 1
#define HAVE_SYS_TYPES_H 1
#define HAVE_SYS_STAT_H 1
#define HAVE_STDLIB_H 1
#define HAVE_STRING_H 1
#define HAVE_MEMORY_H 1
#define HAVE_STRINGS_H 1
#define HAVE_INTTYPES_H 1
#define HAVE_STDINT_H 1
#define HAVE_UNISTD_H 1
#define STDC_HEADERS 1
#define HAVE_LIBM 1
#define HAVE_DLFCN_H 1
#define LT_OBJDIR ".libs/"

configure: exit 0
